SF:lib\core\error\exceptions.dart
DA:8,1
DA:13,1
DA:14,3
DA:21,1
DA:25,1
DA:26,2
DA:33,2
DA:37,1
DA:38,2
DA:46,1
DA:51,1
DA:52,2
DA:67,1
DA:71,0
DA:72,0
DA:80,1
DA:85,0
DA:86,0
LF:18
LH:14
end_of_record
SF:lib\core\error\failures.dart
DA:7,2
DA:9,1
DA:10,2
DA:17,2
DA:22,1
DA:23,3
DA:28,1
DA:35,2
DA:44,1
DA:49,1
DA:50,3
DA:63,1
DA:70,1
DA:77,1
LF:14
LH:14
end_of_record
SF:lib\core\network\network_info.dart
DA:15,1
DA:16,0
DA:18,1
DA:20,2
DA:22,1
DA:28,1
DA:29,4
DA:30,0
DA:35,1
DA:37,4
DA:38,1
DA:44,0
DA:45,0
DA:46,0
LF:14
LH:9
end_of_record
SF:lib\core\responsive\responsive_helper.dart
DA:11,1
DA:12,3
DA:13,1
DA:15,1
DA:23,1
DA:24,2
DA:28,1
DA:29,2
DA:33,0
DA:34,0
DA:38,1
DA:43,1
DA:44,1
DA:46,1
DA:48,1
DA:54,1
DA:60,1
DA:61,1
DA:63,1
DA:65,1
DA:71,1
DA:72,1
DA:81,0
DA:82,0
DA:91,0
DA:92,0
DA:93,0
DA:95,0
DA:97,0
DA:103,0
DA:104,0
DA:113,0
DA:114,0
DA:117,0
DA:118,0
DA:123,0
DA:124,0
DA:133,0
DA:134,0
DA:143,0
DA:144,0
DA:148,0
DA:149,0
DA:153,0
DA:154,0
DA:158,0
DA:163,0
LF:47
LH:20
end_of_record
SF:lib\core\utils\functions\time_utils.dart
DA:6,1
DA:7,0
DA:8,1
DA:9,1
DA:10,1
DA:11,1
DA:12,1
DA:13,1
DA:16,1
DA:20,1
DA:21,1
DA:25,1
DA:26,0
DA:27,6
DA:31,1
DA:32,0
DA:33,1
DA:34,1
DA:35,1
DA:36,1
DA:37,1
DA:38,1
DA:41,1
DA:42,1
DA:44,1
DA:51,1
DA:52,3
DA:53,3
DA:54,2
DA:55,1
DA:59,1
DA:60,4
DA:61,4
DA:63,1
DA:64,1
DA:66,2
DA:69,1
DA:73,1
DA:76,2
DA:77,1
DA:78,2
DA:80,2
DA:81,2
DA:84,4
DA:86,1
LF:45
LH:42
end_of_record
SF:lib\features\favorites\domain\entities\favorite_item.dart
DA:12,1
DA:20,1
DA:21,6
DA:23,1
DA:30,1
DA:31,1
DA:32,1
DA:33,0
DA:34,1
DA:35,1
DA:39,1
DA:40,1
DA:41,1
DA:42,2
DA:43,1
DA:44,1
DA:45,2
DA:49,1
DA:50,1
DA:51,1
DA:52,2
DA:53,1
DA:54,1
DA:55,2
LF:24
LH:23
end_of_record
SF:lib\features\favorites\domain\entities\favorite_type.dart
DA:12,1
DA:14,1
DA:15,3
DA:16,1
LF:4
LH:4
end_of_record
SF:lib\features\hijri_calendar\data\hijri_date_converter.dart
DA:7,1
DA:9,4
DA:12,1
DA:16,1
DA:17,4
DA:18,1
DA:22,1
DA:23,2
DA:27,1
DA:28,4
DA:29,4
DA:30,1
DA:34,1
DA:35,1
DA:38,2
DA:39,1
DA:43,1
DA:46,1
DA:49,2
DA:53,0
DA:55,0
DA:61,1
DA:62,1
DA:63,1
DA:64,1
DA:67,1
DA:68,3
DA:70,4
DA:71,4
DA:72,1
DA:73,1
DA:78,1
DA:80,2
DA:81,3
DA:82,3
DA:84,8
DA:85,6
DA:86,1
DA:87,8
DA:88,7
DA:91,3
DA:92,4
DA:93,3
DA:95,1
DA:99,1
DA:100,5
DA:101,2
DA:102,2
DA:103,4
DA:104,1
DA:105,1
DA:110,1
DA:111,1
DA:112,2
DA:113,4
DA:114,3
DA:115,4
DA:116,2
DA:117,3
DA:118,1
DA:119,3
DA:120,4
DA:122,1
LF:63
LH:61
end_of_record
SF:lib\features\hijri_calendar\domain\hijri_date.dart
DA:7,1
DA:41,4
DA:44,5
DA:47,5
DA:49,0
DA:50,0
DA:52,1
DA:55,1
DA:56,3
DA:57,3
DA:58,3
DA:60,0
DA:61,0
DA:64,1
DA:69,1
DA:70,0
DA:71,1
DA:72,1
LF:18
LH:13
end_of_record
SF:lib\features\home\data\datasources\prayer_times_local_datasource.dart
DA:51,1
DA:53,1
DA:55,2
DA:61,1
DA:62,1
DA:64,2
DA:71,1
DA:74,2
DA:75,2
DA:81,1
DA:82,2
DA:87,0
DA:91,1
DA:93,2
DA:96,1
DA:98,2
DA:104,1
DA:106,2
DA:112,1
DA:113,1
DA:116,1
DA:118,2
DA:121,2
DA:126,1
DA:131,1
DA:133,2
DA:137,2
DA:143,1
DA:145,2
DA:146,2
DA:147,2
DA:148,2
DA:149,2
DA:153,1
DA:154,1
DA:155,4
LF:36
LH:35
end_of_record
SF:lib\features\home\data\prayer_times_model\prayer_times_model.dart
DA:12,2
DA:13,2
DA:14,3
DA:15,3
DA:16,7
DA:17,2
DA:18,3
DA:19,2
DA:20,1
DA:21,1
DA:22,1
DA:23,1
DA:24,1
DA:25,1
DA:28,1
DA:29,1
DA:31,1
DA:33,2
DA:35,1
DA:37,2
DA:39,1
DA:41,2
DA:45,2
DA:46,1
DA:47,1
DA:48,1
LF:26
LH:26
end_of_record
SF:lib\core\utils\functions\convert_en_to_ar_months.dart
DA:1,6
LF:1
LH:1
end_of_record
SF:lib\features\home\data\prayer_times_model\date.dart
DA:10,1
DA:12,2
DA:13,1
DA:14,1
DA:15,1
DA:17,2
DA:18,1
DA:20,0
DA:23,0
DA:24,0
DA:25,0
DA:26,0
DA:27,0
LF:13
LH:7
end_of_record
SF:lib\features\home\data\prayer_times_model\gregorian.dart
DA:14,0
DA:24,0
DA:25,0
DA:26,0
DA:27,0
DA:28,0
DA:30,0
DA:31,0
DA:33,0
DA:34,0
DA:35,0
DA:37,0
DA:40,0
DA:41,0
DA:42,0
DA:43,0
DA:44,0
DA:45,0
DA:46,0
DA:47,0
LF:20
LH:0
end_of_record
SF:lib\features\home\data\prayer_times_model\hijri.dart
DA:15,1
DA:26,2
DA:27,1
DA:28,1
DA:29,1
DA:30,1
DA:32,2
DA:33,1
DA:35,2
DA:36,1
DA:37,1
DA:39,0
DA:40,1
DA:43,0
DA:44,0
DA:45,0
DA:46,0
DA:47,0
DA:48,0
DA:49,0
DA:50,0
DA:51,0
LF:22
LH:12
end_of_record
SF:lib\features\home\data\prayer_times_model\designation.dart
DA:5,0
DA:7,0
DA:8,0
DA:9,0
DA:12,0
DA:13,0
DA:14,0
LF:7
LH:0
end_of_record
SF:lib\features\home\data\prayer_times_model\month.dart
DA:6,1
DA:8,2
DA:9,1
DA:10,1
DA:11,1
DA:14,0
DA:15,0
DA:16,0
DA:17,0
LF:9
LH:5
end_of_record
SF:lib\features\home\data\prayer_times_model\weekday.dart
DA:5,1
DA:7,2
DA:8,1
DA:9,1
DA:12,0
DA:13,0
DA:14,0
LF:7
LH:4
end_of_record
SF:lib\features\home\data\prayer_times_model\location.dart
DA:5,0
DA:7,0
DA:8,0
DA:9,0
DA:12,0
DA:13,0
DA:14,0
LF:7
LH:0
end_of_record
SF:lib\features\home\data\prayer_times_model\meta.dart
DA:14,1
DA:25,2
DA:26,1
DA:27,1
DA:28,1
DA:29,1
DA:31,0
DA:32,1
DA:33,1
DA:34,1
DA:35,1
DA:37,0
DA:40,0
DA:41,0
DA:42,0
DA:43,0
DA:44,0
DA:45,0
DA:46,0
DA:47,0
DA:48,0
LF:21
LH:10
end_of_record
SF:lib\features\home\data\prayer_times_model\method.dart
DA:10,0
DA:12,0
DA:13,0
DA:14,0
DA:15,0
DA:17,0
DA:18,0
DA:20,0
DA:23,0
DA:24,0
DA:25,0
DA:26,0
DA:27,0
LF:13
LH:0
end_of_record
SF:lib\features\home\data\prayer_times_model\offset.dart
DA:12,0
DA:24,0
DA:25,0
DA:26,0
DA:27,0
DA:28,0
DA:29,0
DA:30,0
DA:31,0
DA:32,0
DA:33,0
DA:36,0
DA:37,0
DA:38,0
DA:39,0
DA:40,0
DA:41,0
DA:42,0
DA:43,0
DA:44,0
DA:45,0
LF:21
LH:0
end_of_record
SF:lib\features\home\data\prayer_times_model\params.dart
DA:5,0
DA:7,0
DA:8,0
DA:9,0
DA:12,0
DA:13,0
DA:14,0
LF:7
LH:0
end_of_record
SF:lib\features\home\domain\prayer_times_entity.dart
DA:17,2
LF:1
LH:1
end_of_record
SF:lib\features\home\data\prayer_times_model\timings.dart
DA:14,1
DA:28,2
DA:29,1
DA:30,1
DA:31,1
DA:32,1
DA:33,1
DA:34,1
DA:35,1
DA:36,1
DA:37,1
DA:38,1
DA:39,1
DA:42,0
DA:43,0
DA:44,0
DA:45,0
DA:46,0
DA:47,0
DA:48,0
DA:49,0
DA:50,0
DA:51,0
DA:52,0
DA:53,0
LF:25
LH:13
end_of_record
SF:lib\features\home\data\datasources\prayer_times_remote_datasource.dart
DA:26,0
DA:27,0
DA:29,0
DA:31,0
DA:32,0
DA:34,0
DA:35,0
DA:36,0
DA:37,0
DA:42,0
DA:47,0
DA:51,0
DA:52,0
DA:54,0
DA:57,0
LF:15
LH:0
end_of_record
SF:lib\features\home\data\repo\prayer_times_repository.dart
DA:20,1
DA:27,3
DA:28,2
DA:44,1
DA:50,1
DA:53,2
DA:57,2
DA:59,1
DA:60,1
DA:61,1
DA:62,1
DA:63,1
DA:67,1
DA:69,2
DA:70,2
DA:71,1
DA:76,0
DA:84,2
DA:87,2
DA:92,1
DA:94,2
DA:96,1
DA:101,1
DA:103,1
DA:104,3
DA:106,0
DA:107,0
DA:108,0
DA:109,0
DA:111,0
DA:112,0
DA:117,1
DA:123,1
DA:126,2
DA:127,2
DA:128,1
DA:133,1
DA:134,1
DA:135,2
DA:140,1
DA:142,2
DA:146,1
DA:148,2
DA:149,2
DA:152,1
DA:157,1
DA:159,1
DA:164,1
DA:169,2
DA:170,2
DA:171,1
DA:172,1
DA:181,1
DA:188,2
DA:189,2
DA:191,6
DA:192,3
DA:193,3
DA:194,3
DA:195,2
DA:197,5
DA:198,1
DA:201,3
LF:63
LH:56
end_of_record
SF:lib\core\network\api_client.dart
DA:13,0
DA:14,0
DA:15,0
DA:19,0
DA:27,0
DA:28,0
DA:29,0
DA:34,0
DA:35,0
DA:40,0
DA:46,0
DA:52,0
DA:54,0
DA:55,0
DA:56,0
DA:57,0
DA:60,0
DA:65,0
DA:72,0
DA:79,0
DA:81,0
DA:82,0
DA:83,0
DA:84,0
DA:87,0
DA:92,0
DA:93,0
DA:94,0
DA:95,0
DA:96,0
DA:99,0
DA:102,0
DA:103,0
DA:104,0
DA:105,0
DA:110,0
DA:114,0
DA:119,0
DA:122,0
DA:123,0
DA:132,0
DA:135,0
DA:137,0
DA:140,0
DA:143,0
DA:145,0
DA:148,0
DA:151,0
DA:152,0
DA:154,0
DA:164,0
DA:171,0
DA:173,0
DA:176,0
DA:180,0
DA:183,0
DA:185,0
DA:186,0
DA:189,0
DA:190,0
DA:192,0
DA:193,0
DA:198,0
DA:201,0
DA:202,0
DA:203,0
DA:204,0
DA:205,0
LF:68
LH:0
end_of_record
SF:lib\features\prayer_notifications\data\datasources\prayer_notification_local_datasource.dart
DA:54,1
DA:56,1
DA:58,1
DA:60,2
DA:62,2
DA:65,2
DA:67,2
DA:70,2
DA:72,2
DA:74,2
DA:77,2
DA:81,1
DA:83,2
DA:84,1
DA:85,2
DA:86,1
DA:87,2
DA:88,1
DA:89,2
DA:90,1
DA:91,2
DA:92,1
DA:93,2
DA:94,1
DA:95,2
DA:96,1
DA:97,1
DA:98,2
DA:99,1
DA:101,2
DA:105,1
DA:107,1
DA:108,2
DA:111,1
DA:113,2
DA:117,1
DA:119,2
DA:123,1
DA:126,2
DA:129,2
DA:133,1
DA:136,2
DA:139,1
DA:140,4
DA:141,1
DA:144,1
DA:146,1
DA:147,4
DA:148,2
DA:150,2
DA:154,1
DA:156,2
DA:157,2
DA:161,1
DA:163,1
DA:165,1
DA:167,1
DA:169,1
DA:171,1
LF:59
LH:59
end_of_record
SF:lib\features\prayer_notifications\domain\entities\prayer_notification_settings.dart
DA:14,3
DA:26,1
DA:28,1
DA:29,1
DA:30,1
DA:31,1
DA:32,1
DA:33,1
DA:34,1
DA:35,1
DA:36,1
DA:37,1
DA:42,2
DA:52,2
DA:53,2
DA:54,2
DA:55,2
DA:56,2
DA:57,2
DA:58,2
DA:59,2
DA:60,2
DA:65,2
DA:67,2
DA:68,2
DA:69,1
DA:70,1
DA:71,1
DA:72,1
DA:73,1
DA:74,1
DA:75,1
DA:76,1
DA:80,2
DA:81,2
DA:82,2
DA:83,2
DA:84,2
DA:85,2
DA:86,2
DA:87,2
DA:88,2
DA:89,2
DA:102,2
DA:104,2
DA:106,2
DA:108,2
DA:110,2
DA:112,2
DA:118,2
DA:120,2
DA:122,2
DA:124,2
DA:126,2
DA:128,2
DA:134,2
DA:136,2
DA:138,2
DA:140,2
DA:142,2
DA:144,2
LF:61
LH:61
end_of_record
SF:lib\features\prayer_notifications\domain\entities\adhan_sound.dart
DA:12,1
DA:14,1
DA:16,1
DA:22,2
DA:24,2
DA:26,2
DA:32,2
DA:34,2
DA:36,2
DA:42,1
DA:45,1
DA:46,3
LF:12
LH:12
end_of_record
SF:lib\features\prayer_notifications\presentation\cubit\prayer_notification_cubit.dart
DA:14,1
DA:18,1
DA:21,1
DA:22,1
DA:25,2
DA:27,2
DA:29,2
DA:34,2
DA:35,1
DA:41,1
DA:43,1
DA:44,1
DA:48,2
DA:51,2
DA:52,2
DA:59,1
DA:62,0
DA:63,0
DA:64,0
DA:70,1
DA:71,1
DA:72,1
DA:75,2
DA:77,2
DA:81,2
DA:86,0
DA:87,0
DA:88,0
DA:94,1
DA:95,1
DA:96,1
DA:99,2
DA:101,2
DA:105,2
DA:107,0
DA:108,0
DA:109,0
DA:115,1
DA:116,1
DA:117,1
DA:120,2
DA:122,2
DA:126,2
DA:128,0
DA:129,0
DA:130,0
DA:136,0
DA:137,0
DA:138,0
DA:140,0
DA:143,0
DA:145,0
DA:148,0
DA:150,0
DA:151,0
DA:156,0
DA:157,0
DA:158,0
DA:164,0
DA:165,0
DA:166,0
DA:169,0
DA:170,0
DA:172,0
DA:177,0
DA:178,0
DA:179,0
DA:185,1
DA:186,1
DA:187,1
DA:190,2
DA:191,2
DA:194,1
DA:200,2
DA:201,2
DA:202,2
DA:205,2
DA:210,0
DA:211,0
DA:212,0
DA:218,1
DA:219,1
DA:220,1
DA:223,2
DA:224,2
DA:227,1
DA:228,2
DA:230,1
DA:236,2
DA:237,2
DA:238,2
DA:241,2
DA:246,0
DA:247,0
DA:248,0
DA:255,1
DA:256,1
DA:258,1
DA:259,2
DA:262,1
DA:263,2
DA:266,0
DA:270,0
LF:103
LH:62
end_of_record
SF:lib\features\prayer_notifications\presentation\cubit\prayer_notification_state.dart
DA:7,1
DA:9,1
DA:10,1
DA:15,1
DA:20,1
DA:29,1
DA:35,1
DA:36,4
DA:38,1
DA:43,1
DA:44,1
DA:46,1
DA:56,0
DA:58,0
DA:59,0
DA:67,1
DA:72,1
DA:73,3
LF:18
LH:15
end_of_record
SF:lib\features\prayer_notifications\services\prayer_notification_service.dart
DA:32,0
DA:33,0
DA:40,0
DA:41,0
DA:45,0
DA:48,0
DA:49,0
DA:52,0
DA:61,0
DA:72,0
DA:76,0
DA:82,0
DA:83,0
DA:86,0
DA:87,0
DA:91,0
DA:95,0
DA:96,0
DA:97,0
DA:103,0
DA:113,0
DA:116,0
DA:119,0
DA:120,0
DA:121,0
DA:132,0
DA:133,0
DA:134,0
DA:135,0
DA:136,0
DA:137,0
DA:138,0
DA:139,0
DA:149,0
DA:154,0
DA:157,0
DA:160,0
DA:162,0
DA:163,0
DA:164,0
DA:165,0
DA:166,0
DA:167,0
DA:170,0
DA:171,0
DA:172,0
DA:174,0
DA:176,0
DA:179,0
DA:181,0
DA:182,0
DA:183,0
DA:184,0
DA:185,0
DA:192,0
DA:194,0
DA:195,0
DA:199,0
DA:201,0
DA:202,0
DA:207,0
DA:208,0
DA:212,0
DA:213,0
DA:214,0
DA:215,0
DA:216,0
DA:221,0
DA:223,0
DA:227,0
DA:241,0
DA:247,0
DA:248,0
DA:262,0
DA:270,0
DA:271,0
DA:272,0
DA:273,0
DA:274,0
DA:275,0
DA:281,0
DA:282,0
DA:285,0
DA:293,0
DA:298,0
DA:301,0
DA:302,0
DA:303,0
DA:304,0
DA:305,0
DA:306,0
DA:316,0
DA:318,0
DA:321,0
DA:322,0
DA:325,0
DA:326,0
DA:327,0
LF:98
LH:0
end_of_record
SF:lib\features\prayer_notifications\services\adhan_player_service.dart
DA:26,1
DA:27,1
DA:31,1
DA:34,0
DA:35,0
DA:36,0
DA:44,0
DA:45,0
DA:46,0
DA:49,1
DA:50,1
DA:52,1
DA:53,1
DA:56,0
DA:57,0
DA:58,0
DA:59,0
DA:62,0
DA:63,0
DA:68,0
DA:72,0
DA:74,0
DA:75,0
DA:78,0
DA:79,0
DA:81,0
DA:82,0
DA:88,0
DA:91,0
DA:92,0
DA:93,0
DA:100,0
DA:102,0
DA:103,0
DA:110,0
DA:112,0
DA:113,0
DA:120,0
DA:122,0
DA:123,0
DA:124,0
DA:125,0
DA:129,0
DA:130,0
DA:133,0
DA:134,0
DA:137,3
DA:139,3
LF:48
LH:9
end_of_record
SF:lib\features\qibla\data\qibla_calculator.dart
DA:13,1
DA:15,1
DA:16,1
DA:17,1
DA:18,1
DA:21,1
DA:24,1
DA:25,4
DA:26,3
DA:29,1
DA:32,1
DA:35,2
DA:41,1
DA:44,1
DA:45,1
DA:46,2
DA:47,2
DA:49,6
DA:50,9
DA:52,5
DA:54,1
DA:57,3
DA:58,3
LF:23
LH:23
end_of_record
SF:lib\features\prayer_notifications\presentation\widgets\pre_alert_selector.dart
DA:10,0
DA:21,0
DA:23,0
DA:25,0
DA:26,0
DA:27,0
DA:28,0
DA:29,0
DA:30,0
DA:35,0
DA:37,0
DA:39,0
DA:41,0
DA:42,0
DA:46,0
DA:48,0
DA:49,0
DA:51,0
DA:52,0
DA:53,0
DA:56,0
DA:58,0
DA:59,0
DA:60,0
DA:61,0
DA:62,0
DA:63,0
DA:64,0
DA:67,0
DA:71,0
DA:80,0
DA:90,0
DA:92,0
DA:94,0
DA:95,0
DA:96,0
DA:97,0
DA:98,0
DA:99,0
DA:100,0
DA:101,0
DA:102,0
DA:103,0
DA:104,0
DA:105,0
DA:106,0
DA:107,0
DA:111,0
DA:112,0
DA:113,0
DA:114,0
DA:115,0
DA:117,0
LF:53
LH:0
end_of_record
SF:lib\core\constants\app_text_style.dart
DA:8,0
DA:12,0
DA:13,0
DA:20,0
DA:21,0
DA:22,0
DA:23,0
DA:24,0
DA:25,0
DA:26,0
DA:27,0
DA:28,0
DA:29,0
DA:30,0
DA:31,0
DA:32,0
DA:33,0
DA:35,0
DA:36,0
DA:37,0
DA:38,0
DA:39,0
DA:40,0
DA:41,0
DA:42,0
DA:43,0
DA:44,0
DA:45,0
DA:46,0
DA:47,0
DA:48,0
DA:49,0
DA:50,0
DA:52,0
DA:53,0
DA:54,0
DA:55,0
DA:56,0
DA:57,0
DA:58,0
DA:59,0
DA:60,0
DA:61,0
DA:62,0
DA:63,0
DA:64,0
DA:65,0
DA:66,0
DA:67,0
DA:69,0
DA:70,0
DA:71,0
DA:72,0
DA:73,0
DA:74,0
DA:75,0
DA:76,0
DA:77,0
DA:78,0
DA:79,0
DA:80,0
DA:81,0
DA:82,0
DA:83,0
DA:84,0
DA:86,0
DA:87,0
DA:88,0
DA:89,0
DA:90,0
DA:91,0
DA:92,0
DA:93,0
DA:94,0
DA:95,0
DA:96,0
DA:97,0
DA:98,0
DA:99,0
DA:100,0
DA:101,0
DA:103,0
DA:104,0
DA:105,0
DA:106,0
DA:107,0
DA:108,0
DA:109,0
DA:110,0
DA:111,0
DA:112,0
DA:113,0
DA:114,0
DA:115,0
DA:116,0
DA:117,0
DA:118,0
DA:120,0
DA:121,0
DA:122,0
DA:123,0
DA:124,0
DA:125,0
DA:126,0
DA:127,0
DA:128,0
DA:129,0
DA:130,0
DA:131,0
DA:132,0
DA:133,0
DA:134,0
DA:135,0
DA:137,0
DA:138,0
DA:139,0
DA:140,0
DA:141,0
DA:142,0
DA:143,0
DA:144,0
DA:145,0
DA:146,0
DA:147,0
DA:148,0
DA:149,0
DA:150,0
DA:151,0
DA:152,0
LF:129
LH:0
end_of_record
SF:lib\core\extensions\context_extensions.dart
DA:5,0
DA:7,0
DA:9,0
DA:11,0
DA:13,0
DA:15,0
DA:17,0
DA:19,0
DA:22,0
DA:23,0
DA:24,0
DA:25,0
DA:26,0
DA:27,0
DA:29,0
DA:31,0
LF:16
LH:0
end_of_record
